c:\users\geraa\onedrive\escritorio\plantilla gc1\gc1\debug\vc142.pdb
c:\users\geraa\onedrive\escritorio\plantilla gc1\gc1\debug\vc142.idb
c:\users\geraa\onedrive\escritorio\plantilla gc1\gc1\debug\program.obj
c:\users\geraa\onedrive\escritorio\plantilla gc1\gc1\debug\camera.obj
c:\users\geraa\onedrive\escritorio\plantilla gc1\gc1\debug\bitmap.obj
c:\users\geraa\onedrive\escritorio\plantilla gc1\gc1\debug\sphere.obj
c:\users\geraa\onedrive\escritorio\plantilla gc1\gc1\debug\skydome.obj
c:\users\geraa\onedrive\escritorio\plantilla gc1\gc1\debug\quad.obj
c:\users\geraa\onedrive\escritorio\plantilla gc1\gc1\debug\gui.obj
c:\users\geraa\onedrive\escritorio\plantilla gc1\gc1\debug\model.obj
c:\users\geraa\onedrive\escritorio\plantilla gc1\gc1\debug\mesh.obj
c:\users\geraa\onedrive\escritorio\plantilla gc1\gc1\debug\material.obj
c:\users\geraa\onedrive\escritorio\plantilla gc1\gc1\debug\main.obj
c:\users\geraa\onedrive\escritorio\plantilla gc1\gc1\debug\heightmesh.obj
c:\users\geraa\onedrive\escritorio\plantilla gc1\gc1\debug\group.obj
c:\users\geraa\onedrive\escritorio\plantilla gc1\gc1\debug\cube.obj
c:\users\geraa\onedrive\escritorio\plantilla gc1\gc1\debug\collider.obj
c:\users\geraa\onedrive\escritorio\plantilla gc1\gc1\debug\boundingsphere.obj
c:\users\geraa\onedrive\escritorio\plantilla gc1\gc1\debug\boundingpoint.obj
c:\users\geraa\onedrive\escritorio\plantilla gc1\gc1\debug\billboard.obj
c:\users\geraa\onedrive\escritorio\plantilla gc1\gc1\debug\axisalignedboundingbox.obj
c:\users\geraa\onedrive\escritorio\plantilla gc1\gc1\debug\platform_windows.obj
c:\users\geraa\onedrive\escritorio\plantilla gc1\gc1\debug\texture.obj
c:\users\geraa\onedrive\escritorio\plantilla gc1\gc1\debug\shader.obj
c:\users\geraa\onedrive\escritorio\plantilla gc1\gc1\debug\glew.obj
c:\users\geraa\onedrive\escritorio\plantilla gc1\debug\gc1.exe
c:\users\geraa\onedrive\escritorio\plantilla gc1\debug\gc1.ilk
c:\users\geraa\onedrive\escritorio\plantilla gc1\debug\gc1.pdb
c:\users\geraa\onedrive\escritorio\plantilla gc1\gc1\debug\gc1.tlog\cl.command.1.tlog
c:\users\geraa\onedrive\escritorio\plantilla gc1\gc1\debug\gc1.tlog\cl.read.1.tlog
c:\users\geraa\onedrive\escritorio\plantilla gc1\gc1\debug\gc1.tlog\cl.write.1.tlog
c:\users\geraa\onedrive\escritorio\plantilla gc1\gc1\debug\gc1.tlog\link.command.1.tlog
c:\users\geraa\onedrive\escritorio\plantilla gc1\gc1\debug\gc1.tlog\link.read.1.tlog
c:\users\geraa\onedrive\escritorio\plantilla gc1\gc1\debug\gc1.tlog\link.write.1.tlog
